<?xml version="1.0" encoding="UTF-8"?>
<!-- Generated by org.testng.reporters.JUnitReportReporter -->
<testsuite skipped="0" hostname="W108XMJ8S2" name="com.flipkart.tescases.CartPageTest" tests="4" failures="0" timestamp="22 Aug 2019 07:06:59 GMT" time="22.300" errors="0">
  <testcase name="pageTitleTest" time="10.023" classname="com.flipkart.tescases.CartPageTest"/>
  <testcase name="comparePriceTest" time="0.049" classname="com.flipkart.tescases.CartPageTest"/>
  <testcase name="compareProductNameTest" time="0.040" classname="com.flipkart.tescases.CartPageTest"/>
  <testcase name="placeOrderTest" time="12.188" classname="com.flipkart.tescases.CartPageTest"/>
</testsuite> <!-- com.flipkart.tescases.CartPageTest -->
