<?xml version="1.0" encoding="UTF-8"?>
<!-- Generated by org.testng.reporters.JUnitReportReporter -->
<testsuite skipped="0" hostname="W108XMJ8S2" name="com.flipkart.tescases.CheckOutPageTest" tests="1" failures="0" timestamp="22 Aug 2019 07:09:37 GMT" time="0.015" errors="0">
  <testcase name="pageTitleTest" time="0.015" classname="com.flipkart.tescases.CheckOutPageTest"/>
</testsuite> <!-- com.flipkart.tescases.CheckOutPageTest -->
