<?xml version="1.0" encoding="UTF-8"?>
<!-- Generated by org.testng.reporters.JUnitReportReporter -->
<testsuite skipped="0" hostname="W108XMJ8S2" name="com.selenium.test.SeleniumTest" tests="6" failures="0" timestamp="19 Aug 2019 14:38:36 GMT" time="55.016" errors="0">
  <testcase name="login" time="22.101" classname="com.selenium.test.SeleniumTest"/>
  <testcase name="searchProduct" time="2.368" classname="com.selenium.test.SeleniumTest"/>
  <testcase name="addToCart" time="20.274" classname="com.selenium.test.SeleniumTest"/>
  <testcase name="placeOrder" time="5.635" classname="com.selenium.test.SeleniumTest"/>
  <testcase name="removeFromCart" time="2.342" classname="com.selenium.test.SeleniumTest"/>
  <testcase name="logout" time="2.296" classname="com.selenium.test.SeleniumTest"/>
</testsuite> <!-- com.selenium.test.SeleniumTest -->
