<?xml version="1.0" encoding="UTF-8"?>
<!-- Generated by org.testng.reporters.JUnitReportReporter -->
<testsuite skipped="0" hostname="W108XMJ8S2" name="com.flipkart.tescases.FlipkartTest" tests="8" failures="0" timestamp="22 Aug 2019 18:38:58 GMT" time="92.083" errors="0">
  <testcase name="loginTest" time="25.838" classname="com.flipkart.tescases.FlipkartTest"/>
  <testcase name="searchProductTest" time="10.477" classname="com.flipkart.tescases.FlipkartTest"/>
  <testcase name="openProductPage" time="12.524" classname="com.flipkart.tescases.FlipkartTest"/>
  <testcase name="addToCartTest" time="10.315" classname="com.flipkart.tescases.FlipkartTest"/>
  <testcase name="compareProductDetails" time="0.088" classname="com.flipkart.tescases.FlipkartTest"/>
  <testcase name="placeOrderTest" time="14.657" classname="com.flipkart.tescases.FlipkartTest"/>
  <testcase name="removeProductFromCart" time="12.037" classname="com.flipkart.tescases.FlipkartTest"/>
  <testcase name="logoutTest" time="6.147" classname="com.flipkart.tescases.FlipkartTest"/>
</testsuite> <!-- com.flipkart.tescases.FlipkartTest -->
