<?xml version="1.0" encoding="UTF-8"?>
<!-- Generated by org.testng.reporters.JUnitReportReporter -->
<testsuite skipped="0" hostname="W108XMJ8S2" name="com.flipkart.tescases.LoginPageTest" tests="2" failures="0" timestamp="21 Aug 2019 04:13:35 GMT" time="15.495" errors="0">
  <testcase name="loginPageTitleTest" time="0.020" classname="com.flipkart.tescases.LoginPageTest"/>
  <testcase name="loginTest" time="15.475" classname="com.flipkart.tescases.LoginPageTest"/>
</testsuite> <!-- com.flipkart.tescases.LoginPageTest -->
