<?xml version="1.0" encoding="UTF-8"?>
<!-- Generated by org.testng.reporters.JUnitReportReporter -->
<testsuite skipped="0" hostname="W108XMJ8S2" name="com.flipkart.tescases.HomePageTest" tests="4" failures="0" timestamp="22 Aug 2019 06:58:20 GMT" time="51.064" errors="0">
  <testcase name="pageTitleTest" time="0.014" classname="com.flipkart.tescases.HomePageTest"/>
  <testcase name="loginTest" time="25.431" classname="com.flipkart.tescases.HomePageTest"/>
  <testcase name="searchProductTest" time="20.307" classname="com.flipkart.tescases.HomePageTest"/>
  <testcase name="logoutTest" time="5.312" classname="com.flipkart.tescases.HomePageTest"/>
</testsuite> <!-- com.flipkart.tescases.HomePageTest -->
