<?xml version="1.0" encoding="UTF-8"?>
<!-- Generated by org.testng.reporters.JUnitReportReporter -->
<testsuite skipped="0" hostname="W108XMJ8S2" name="com.flipkart.tescases.SearchResultsPageTest" tests="2" failures="0" timestamp="22 Aug 2019 06:59:36 GMT" time="21.239" errors="0">
  <testcase name="pageTitleTest" time="10.031" classname="com.flipkart.tescases.SearchResultsPageTest"/>
  <testcase name="openProductPage" time="11.208" classname="com.flipkart.tescases.SearchResultsPageTest"/>
</testsuite> <!-- com.flipkart.tescases.SearchResultsPageTest -->
