<?xml version="1.0" encoding="UTF-8"?>
<!-- Generated by org.testng.reporters.JUnitReportReporter -->
<testsuite skipped="0" hostname="W108XMJ8S2" name="com.flipkart.tescases.ProductPageTest" tests="3" failures="0" timestamp="22 Aug 2019 07:10:46 GMT" time="11.310" errors="0">
  <testcase name="pageTitleTest" time="11.055" classname="com.flipkart.tescases.ProductPageTest"/>
  <testcase name="productDetailsTest" time="0.088" classname="com.flipkart.tescases.ProductPageTest"/>
  <testcase name="addToCartTest" time="0.167" classname="com.flipkart.tescases.ProductPageTest"/>
</testsuite> <!-- com.flipkart.tescases.ProductPageTest -->
