<?xml version="1.0" encoding="UTF-8"?>
<!-- Generated by org.testng.reporters.JUnitReportReporter -->
<testsuite skipped="0" hostname="W108XMJ8S2" name="com.flipkart.tescases.IntegrationTest" tests="1" failures="0" timestamp="22 Aug 2019 07:17:06 GMT" time="45.211" errors="0">
  <testcase name="integrationTest" time="45.211" classname="com.flipkart.tescases.IntegrationTest"/>
</testsuite> <!-- com.flipkart.tescases.IntegrationTest -->
